GROUP,PACKAGE,CLASS,INSTRUCTION_MISSED,INSTRUCTION_COVERED,BRANCH_MISSED,BRANCH_COVERED,LINE_MISSED,LINE_COVERED,COMPLEXITY_MISSED,COMPLEXITY_COVERED,METHOD_MISSED,METHOD_COVERED
EmployeeManagement,com.sample.mvc.controller,EmployeeController,0,54,0,0,0,15,0,7,0,7
EmployeeManagement,com.sample.mvc.dao,EmployeeDAOImpl,0,50,1,1,0,13,1,6,0,6
EmployeeManagement,com.sample.mvc.model,EmployeeCommand,0,24,0,0,0,11,0,7,0,7
EmployeeManagement,com.sample.mvc.service,EmployeeServiceImpl,0,27,0,0,0,10,0,6,0,6
