<?xml version="1.0" encoding="UTF-8" ?>
<testsuite tests="5" failures="0" name="com.sample.mvc.serviceTest.EmployeeServiceTest" time="0.004" errors="0" skipped="0">
  <properties>
[...]
</properties>
  <testcase classname="com.sample.mvc.serviceTest.EmployeeServiceTest" name="testDeleteEmployee" time="0"/>
  <testcase classname="com.sample.mvc.serviceTest.EmployeeServiceTest" name="testAddEmployee" time="0"/>
  <testcase classname="com.sample.mvc.serviceTest.EmployeeServiceTest" name="testGetEmployeeById" time="0"/>
  <testcase classname="com.sample.mvc.serviceTest.EmployeeServiceTest" name="testListContact" time="0"/>
  <testcase classname="com.sample.mvc.serviceTest.EmployeeServiceTest" name="testUpdateEmployee" time="0"/>
</testsuite>